Determining if the pthread_create exist failed with the following output:
Change Dir: /home/jiyao/nudo/cpp/CMakeFiles/CMakeTmp

Run Build Command:/usr/bin/make "cmTryCompileExec3715481951/fast"
/usr/bin/make -f CMakeFiles/cmTryCompileExec3715481951.dir/build.make CMakeFiles/cmTryCompileExec3715481951.dir/build
make[1]: Entering directory `/home/jiyao/nudo/cpp/CMakeFiles/CMakeTmp'
/usr/bin/cmake -E cmake_progress_report /home/jiyao/nudo/cpp/CMakeFiles/CMakeTmp/CMakeFiles 1
Building C object CMakeFiles/cmTryCompileExec3715481951.dir/CheckSymbolExists.c.o
/usr/bin/cc    -o CMakeFiles/cmTryCompileExec3715481951.dir/CheckSymbolExists.c.o   -c /home/jiyao/nudo/cpp/CMakeFiles/CMakeTmp/CheckSymbolExists.c
Linking C executable cmTryCompileExec3715481951
/usr/bin/cmake -E cmake_link_script CMakeFiles/cmTryCompileExec3715481951.dir/link.txt --verbose=1
/usr/bin/cc       CMakeFiles/cmTryCompileExec3715481951.dir/CheckSymbolExists.c.o  -o cmTryCompileExec3715481951 -rdynamic 
CMakeFiles/cmTryCompileExec3715481951.dir/CheckSymbolExists.c.o: In function `main':
CheckSymbolExists.c:(.text+0x16): undefined reference to `pthread_create'
collect2: error: ld returned 1 exit status
make[1]: Leaving directory `/home/jiyao/nudo/cpp/CMakeFiles/CMakeTmp'
make[1]: *** [cmTryCompileExec3715481951] Error 1
make: *** [cmTryCompileExec3715481951/fast] Error 2

File /home/jiyao/nudo/cpp/CMakeFiles/CMakeTmp/CheckSymbolExists.c:
/* */
#include <pthread.h>

int main(int argc, char** argv)
{
  (void)argv;
#ifndef pthread_create
  return ((int*)(&pthread_create))[argc];
#else
  (void)argc;
  return 0;
#endif
}

Determining if the function pthread_create exists in the pthreads failed with the following output:
Change Dir: /home/jiyao/nudo/cpp/CMakeFiles/CMakeTmp

Run Build Command:/usr/bin/make "cmTryCompileExec3259201170/fast"
/usr/bin/make -f CMakeFiles/cmTryCompileExec3259201170.dir/build.make CMakeFiles/cmTryCompileExec3259201170.dir/build
make[1]: Entering directory `/home/jiyao/nudo/cpp/CMakeFiles/CMakeTmp'
/usr/bin/cmake -E cmake_progress_report /home/jiyao/nudo/cpp/CMakeFiles/CMakeTmp/CMakeFiles 1
Building C object CMakeFiles/cmTryCompileExec3259201170.dir/CheckFunctionExists.c.o
/usr/bin/cc   -DCHECK_FUNCTION_EXISTS=pthread_create   -o CMakeFiles/cmTryCompileExec3259201170.dir/CheckFunctionExists.c.o   -c /usr/share/cmake-2.8/Modules/CheckFunctionExists.c
Linking C executable cmTryCompileExec3259201170
/usr/bin/cmake -E cmake_link_script CMakeFiles/cmTryCompileExec3259201170.dir/link.txt --verbose=1
/usr/bin/cc   -DCHECK_FUNCTION_EXISTS=pthread_create    CMakeFiles/cmTryCompileExec3259201170.dir/CheckFunctionExists.c.o  -o cmTryCompileExec3259201170 -rdynamic -lpthreads 
/usr/bin/ld: cannot find -lpthreads
collect2: error: ld returned 1 exit status
make[1]: Leaving directory `/home/jiyao/nudo/cpp/CMakeFiles/CMakeTmp'
make[1]: *** [cmTryCompileExec3259201170] Error 1
make: *** [cmTryCompileExec3259201170/fast] Error 2


Determining if the function sgetrf_single exists failed with the following output:
Change Dir: /home/jiyao/nudo/cpp/CMakeFiles/CMakeTmp

Run Build Command:/usr/bin/make "cmTryCompileExec294241804/fast"
/usr/bin/make -f CMakeFiles/cmTryCompileExec294241804.dir/build.make CMakeFiles/cmTryCompileExec294241804.dir/build
make[1]: Entering directory `/home/jiyao/nudo/cpp/CMakeFiles/CMakeTmp'
/usr/bin/cmake -E cmake_progress_report /home/jiyao/nudo/cpp/CMakeFiles/CMakeTmp/CMakeFiles 1
Building C object CMakeFiles/cmTryCompileExec294241804.dir/CheckFunctionExists.c.o
/usr/bin/cc   -DCHECK_FUNCTION_EXISTS=sgetrf_single   -o CMakeFiles/cmTryCompileExec294241804.dir/CheckFunctionExists.c.o   -c /usr/share/cmake-2.8/Modules/CheckFunctionExists.c
Linking C executable cmTryCompileExec294241804
/usr/bin/cmake -E cmake_link_script CMakeFiles/cmTryCompileExec294241804.dir/link.txt --verbose=1
/usr/bin/cc   -DCHECK_FUNCTION_EXISTS=sgetrf_single    CMakeFiles/cmTryCompileExec294241804.dir/CheckFunctionExists.c.o  -o cmTryCompileExec294241804 -rdynamic -lcblas 
CMakeFiles/cmTryCompileExec294241804.dir/CheckFunctionExists.c.o: In function `main':
CheckFunctionExists.c:(.text+0x15): undefined reference to `sgetrf_single'
collect2: error: ld returned 1 exit status
make[1]: Leaving directory `/home/jiyao/nudo/cpp/CMakeFiles/CMakeTmp'
make[1]: *** [cmTryCompileExec294241804] Error 1
make: *** [cmTryCompileExec294241804/fast] Error 2


